  Aliment.cpp
  debug.cpp
C:\ISEN\M2\ProgObj\projFinal\Cookpp\cookpp\cookpp\debug.cpp(11,20): warning C4091: '': ignored on left of 'std::basic_ostringstream<char,std::char_traits<char>,std::allocator<char>>' when no variable is declared
  Ingredient.cpp
C:\ISEN\M2\ProgObj\projFinal\Cookpp\cookpp\cookpp\Ingredient.cpp(8,6): error C2679: binary '=': no operator found which takes a right-hand operand of type 'InfoNutri *' (or there is no acceptable conversion)
C:\Program Files\Microsoft Visual Studio\2022\Community\VC\Tools\MSVC\14.35.32215\include\memory(1593,17): message : could be 'std::shared_ptr<InfoNutri> &std::shared_ptr<InfoNutri>::operator =(std::shared_ptr<InfoNutri> &&) noexcept'
C:\Program Files\Microsoft Visual Studio\2022\Community\VC\Tools\MSVC\14.35.32215\include\memory(1582,17): message : or       'std::shared_ptr<InfoNutri> &std::shared_ptr<InfoNutri>::operator =(const std::shared_ptr<InfoNutri> &) noexcept'
C:\Program Files\Microsoft Visual Studio\2022\Community\VC\Tools\MSVC\14.35.32215\include\memory(1616,17): message : or       'std::shared_ptr<InfoNutri> &std::shared_ptr<InfoNutri>::operator =(std::unique_ptr<_Ux,_Dx> &&)'
C:\ISEN\M2\ProgObj\projFinal\Cookpp\cookpp\cookpp\Ingredient.cpp(8,6): message : 'std::shared_ptr<InfoNutri> &std::shared_ptr<InfoNutri>::operator =(std::unique_ptr<_Ux,_Dx> &&)': could not deduce template argument for 'std::unique_ptr<_Ux,_Dx> &&' from 'InfoNutri *'
C:\Program Files\Microsoft Visual Studio\2022\Community\VC\Tools\MSVC\14.35.32215\include\memory(1606,17): message : or       'std::shared_ptr<InfoNutri> &std::shared_ptr<InfoNutri>::operator =(std::auto_ptr<_Other> &&)'
C:\ISEN\M2\ProgObj\projFinal\Cookpp\cookpp\cookpp\Ingredient.cpp(8,6): message : 'std::shared_ptr<InfoNutri> &std::shared_ptr<InfoNutri>::operator =(std::auto_ptr<_Other> &&)': could not deduce template argument for 'std::auto_ptr<_Other> &&' from 'InfoNutri *'
C:\Program Files\Microsoft Visual Studio\2022\Community\VC\Tools\MSVC\14.35.32215\include\memory(1599,17): message : or       'std::shared_ptr<InfoNutri> &std::shared_ptr<InfoNutri>::operator =(std::shared_ptr<_Ty2> &&) noexcept'
C:\ISEN\M2\ProgObj\projFinal\Cookpp\cookpp\cookpp\Ingredient.cpp(8,6): message : 'std::shared_ptr<InfoNutri> &std::shared_ptr<InfoNutri>::operator =(std::shared_ptr<_Ty2> &&) noexcept': could not deduce template argument for 'std::shared_ptr<_Ty2> &&' from 'InfoNutri *'
C:\Program Files\Microsoft Visual Studio\2022\Community\VC\Tools\MSVC\14.35.32215\include\memory(1588,17): message : or       'std::shared_ptr<InfoNutri> &std::shared_ptr<InfoNutri>::operator =(const std::shared_ptr<_Ty2> &) noexcept'
C:\ISEN\M2\ProgObj\projFinal\Cookpp\cookpp\cookpp\Ingredient.cpp(8,6): message : 'std::shared_ptr<InfoNutri> &std::shared_ptr<InfoNutri>::operator =(const std::shared_ptr<_Ty2> &) noexcept': could not deduce template argument for 'const std::shared_ptr<_Ty2> &' from 'InfoNutri *'
C:\ISEN\M2\ProgObj\projFinal\Cookpp\cookpp\cookpp\Ingredient.cpp(8,6): message : while trying to match the argument list '(std::shared_ptr<InfoNutri>, InfoNutri *)'
C:\ISEN\M2\ProgObj\projFinal\Cookpp\cookpp\cookpp\Ingredient.cpp(16,6): error C2679: binary '=': no operator found which takes a right-hand operand of type 'InfoNutri *' (or there is no acceptable conversion)
C:\Program Files\Microsoft Visual Studio\2022\Community\VC\Tools\MSVC\14.35.32215\include\memory(1593,17): message : could be 'std::shared_ptr<InfoNutri> &std::shared_ptr<InfoNutri>::operator =(std::shared_ptr<InfoNutri> &&) noexcept'
C:\Program Files\Microsoft Visual Studio\2022\Community\VC\Tools\MSVC\14.35.32215\include\memory(1582,17): message : or       'std::shared_ptr<InfoNutri> &std::shared_ptr<InfoNutri>::operator =(const std::shared_ptr<InfoNutri> &) noexcept'
C:\Program Files\Microsoft Visual Studio\2022\Community\VC\Tools\MSVC\14.35.32215\include\memory(1616,17): message : or       'std::shared_ptr<InfoNutri> &std::shared_ptr<InfoNutri>::operator =(std::unique_ptr<_Ux,_Dx> &&)'
C:\ISEN\M2\ProgObj\projFinal\Cookpp\cookpp\cookpp\Ingredient.cpp(16,6): message : 'std::shared_ptr<InfoNutri> &std::shared_ptr<InfoNutri>::operator =(std::unique_ptr<_Ux,_Dx> &&)': could not deduce template argument for 'std::unique_ptr<_Ux,_Dx> &&' from 'InfoNutri *'
C:\Program Files\Microsoft Visual Studio\2022\Community\VC\Tools\MSVC\14.35.32215\include\memory(1606,17): message : or       'std::shared_ptr<InfoNutri> &std::shared_ptr<InfoNutri>::operator =(std::auto_ptr<_Other> &&)'
C:\ISEN\M2\ProgObj\projFinal\Cookpp\cookpp\cookpp\Ingredient.cpp(16,6): message : 'std::shared_ptr<InfoNutri> &std::shared_ptr<InfoNutri>::operator =(std::auto_ptr<_Other> &&)': could not deduce template argument for 'std::auto_ptr<_Other> &&' from 'InfoNutri *'
C:\Program Files\Microsoft Visual Studio\2022\Community\VC\Tools\MSVC\14.35.32215\include\memory(1599,17): message : or       'std::shared_ptr<InfoNutri> &std::shared_ptr<InfoNutri>::operator =(std::shared_ptr<_Ty2> &&) noexcept'
C:\ISEN\M2\ProgObj\projFinal\Cookpp\cookpp\cookpp\Ingredient.cpp(16,6): message : 'std::shared_ptr<InfoNutri> &std::shared_ptr<InfoNutri>::operator =(std::shared_ptr<_Ty2> &&) noexcept': could not deduce template argument for 'std::shared_ptr<_Ty2> &&' from 'InfoNutri *'
C:\Program Files\Microsoft Visual Studio\2022\Community\VC\Tools\MSVC\14.35.32215\include\memory(1588,17): message : or       'std::shared_ptr<InfoNutri> &std::shared_ptr<InfoNutri>::operator =(const std::shared_ptr<_Ty2> &) noexcept'
C:\ISEN\M2\ProgObj\projFinal\Cookpp\cookpp\cookpp\Ingredient.cpp(16,6): message : 'std::shared_ptr<InfoNutri> &std::shared_ptr<InfoNutri>::operator =(const std::shared_ptr<_Ty2> &) noexcept': could not deduce template argument for 'const std::shared_ptr<_Ty2> &' from 'InfoNutri *'
C:\ISEN\M2\ProgObj\projFinal\Cookpp\cookpp\cookpp\Ingredient.cpp(16,6): message : while trying to match the argument list '(std::shared_ptr<InfoNutri>, InfoNutri *)'
C:\ISEN\M2\ProgObj\projFinal\Cookpp\cookpp\cookpp\Ingredient.cpp(83,13): error C2440: 'return': cannot convert from 'const std::shared_ptr<InfoNutri>' to 'InfoNutri *'
C:\ISEN\M2\ProgObj\projFinal\Cookpp\cookpp\cookpp\Ingredient.cpp(83,13): message : No user-defined-conversion operator available that can perform this conversion, or the operator cannot be called
C:\ISEN\M2\ProgObj\projFinal\Cookpp\cookpp\cookpp\Ingredient.cpp(88,6): error C2679: binary '=': no operator found which takes a right-hand operand of type 'InfoNutri *' (or there is no acceptable conversion)
C:\Program Files\Microsoft Visual Studio\2022\Community\VC\Tools\MSVC\14.35.32215\include\memory(1593,17): message : could be 'std::shared_ptr<InfoNutri> &std::shared_ptr<InfoNutri>::operator =(std::shared_ptr<InfoNutri> &&) noexcept'
C:\Program Files\Microsoft Visual Studio\2022\Community\VC\Tools\MSVC\14.35.32215\include\memory(1582,17): message : or       'std::shared_ptr<InfoNutri> &std::shared_ptr<InfoNutri>::operator =(const std::shared_ptr<InfoNutri> &) noexcept'
C:\Program Files\Microsoft Visual Studio\2022\Community\VC\Tools\MSVC\14.35.32215\include\memory(1616,17): message : or       'std::shared_ptr<InfoNutri> &std::shared_ptr<InfoNutri>::operator =(std::unique_ptr<_Ux,_Dx> &&)'
C:\ISEN\M2\ProgObj\projFinal\Cookpp\cookpp\cookpp\Ingredient.cpp(88,6): message : 'std::shared_ptr<InfoNutri> &std::shared_ptr<InfoNutri>::operator =(std::unique_ptr<_Ux,_Dx> &&)': could not deduce template argument for 'std::unique_ptr<_Ux,_Dx> &&' from 'InfoNutri *'
C:\Program Files\Microsoft Visual Studio\2022\Community\VC\Tools\MSVC\14.35.32215\include\memory(1606,17): message : or       'std::shared_ptr<InfoNutri> &std::shared_ptr<InfoNutri>::operator =(std::auto_ptr<_Other> &&)'
C:\ISEN\M2\ProgObj\projFinal\Cookpp\cookpp\cookpp\Ingredient.cpp(88,6): message : 'std::shared_ptr<InfoNutri> &std::shared_ptr<InfoNutri>::operator =(std::auto_ptr<_Other> &&)': could not deduce template argument for 'std::auto_ptr<_Other> &&' from 'InfoNutri *'
C:\Program Files\Microsoft Visual Studio\2022\Community\VC\Tools\MSVC\14.35.32215\include\memory(1599,17): message : or       'std::shared_ptr<InfoNutri> &std::shared_ptr<InfoNutri>::operator =(std::shared_ptr<_Ty2> &&) noexcept'
C:\ISEN\M2\ProgObj\projFinal\Cookpp\cookpp\cookpp\Ingredient.cpp(88,6): message : 'std::shared_ptr<InfoNutri> &std::shared_ptr<InfoNutri>::operator =(std::shared_ptr<_Ty2> &&) noexcept': could not deduce template argument for 'std::shared_ptr<_Ty2> &&' from 'InfoNutri *'
C:\Program Files\Microsoft Visual Studio\2022\Community\VC\Tools\MSVC\14.35.32215\include\memory(1588,17): message : or       'std::shared_ptr<InfoNutri> &std::shared_ptr<InfoNutri>::operator =(const std::shared_ptr<_Ty2> &) noexcept'
C:\ISEN\M2\ProgObj\projFinal\Cookpp\cookpp\cookpp\Ingredient.cpp(88,6): message : 'std::shared_ptr<InfoNutri> &std::shared_ptr<InfoNutri>::operator =(const std::shared_ptr<_Ty2> &) noexcept': could not deduce template argument for 'const std::shared_ptr<_Ty2> &' from 'InfoNutri *'
C:\ISEN\M2\ProgObj\projFinal\Cookpp\cookpp\cookpp\Ingredient.cpp(88,6): message : while trying to match the argument list '(std::shared_ptr<InfoNutri>, InfoNutri *)'
  StockedAliment.cpp
  Generating Code...
